<?xml version="1.0" encoding="UTF-8"?>
<!-- Generated by org.testng.reporters.JUnitReportReporter -->
<testsuite hostname="Harish-kumar" failures="0" tests="2" name="test.citizenTest" time="7.212" errors="0" timestamp="2023-08-03T20:24:29 IST" skipped="0">
  <testcase classname="test.citizenTest" name="loginTest" time="7.064"/>
  <testcase classname="test.citizenTest" name="logout" time="0.148"/>
</testsuite> <!-- test.citizenTest -->
