<?xml version="1.0" encoding="UTF-8"?>
<!-- Generated by org.testng.reporters.JUnitReportReporter -->
<testsuite hostname="Harish-kumar" failures="0" tests="2" name="test.citizenTest" time="18.907" errors="0" timestamp="2023-08-03T21:26:20 IST" skipped="0">
  <testcase classname="test.citizenTest" name="RegistrationTest" time="10.402"/>
  <testcase classname="test.citizenTest" name="loginTest" time="8.505"/>
</testsuite> <!-- test.citizenTest -->
