<?xml version="1.0" encoding="UTF-8"?>
<!-- Generated by org.testng.reporters.JUnitReportReporter -->
<testsuite hostname="Harish-kumar" failures="0" tests="2" name="test.AdminTest" time="6.028" errors="0" timestamp="2023-08-03T21:26:20 IST" skipped="0">
  <testcase classname="test.AdminTest" name="login" time="5.716"/>
  <testcase classname="test.AdminTest" name="logout" time="0.312"/>
</testsuite> <!-- test.AdminTest -->
